2018/07/11 14:56:07.565521 No file /Users/varunramg/go/src/github.com/mit-dci/lit/temp/privkey.hex, generating.
2018/07/11 14:56:07.566089 passphrase: 
2018/07/11 14:56:08.189028 repeat passphrase: 
2018/07/11 14:56:08.376033 
2018/07/11 14:56:08.376583 WARNING!! Key file not encrypted!!
2018/07/11 14:56:08.376650 Anyone who can read the key file can take everything!
2018/07/11 14:56:08.376692 You should start over and use a good passphrase!
2018/07/11 14:56:08.376711 Saved unencrypted key at /Users/varunramg/go/src/github.com/mit-dci/lit/temp/privkey.hex
2018/07/11 14:56:08.376869 WARNING!! Key file not encrypted!!
2018/07/11 14:56:08.376891 Anyone who can read the key file can take everything!
2018/07/11 14:56:08.376904 You should start over and use a good passphrase!
2018/07/11 14:56:40.686250 WARNING!! Key file not encrypted!!
2018/07/11 14:56:40.686616 Anyone who can read the key file can take everything!
2018/07/11 14:56:40.686662 You should start over and use a good passphrase!
2018/07/11 14:56:54.469153 WARNING!! Key file not encrypted!!
2018/07/11 14:56:54.469250 Anyone who can read the key file can take everything!
2018/07/11 14:56:54.469274 You should start over and use a good passphrase!
2018/07/11 14:59:52.874021 WARNING!! Key file not encrypted!!
2018/07/11 14:59:52.874300 Anyone who can read the key file can take everything!
2018/07/11 14:59:52.874324 You should start over and use a good passphrase!
2018/07/11 15:01:24.739265 WARNING!! Key file not encrypted!!
2018/07/11 15:01:24.739591 Anyone who can read the key file can take everything!
2018/07/11 15:01:24.739637 You should start over and use a good passphrase!
2018/07/11 15:02:52.712002 WARNING!! Key file not encrypted!!
2018/07/11 15:02:52.712361 Anyone who can read the key file can take everything!
2018/07/11 15:02:52.712401 You should start over and use a good passphrase!
2018/07/11 15:04:24.979939 WARNING!! Key file not encrypted!!
2018/07/11 15:04:24.980303 Anyone who can read the key file can take everything!
2018/07/11 15:04:24.980369 You should start over and use a good passphrase!
2018/07/11 15:05:35.059769 WARNING!! Key file not encrypted!!
2018/07/11 15:05:35.060565 Anyone who can read the key file can take everything!
2018/07/11 15:05:35.060870 You should start over and use a good passphrase!
2018/07/11 15:08:10.802129 WARNING!! Key file not encrypted!!
2018/07/11 15:08:10.802663 Anyone who can read the key file can take everything!
2018/07/11 15:08:10.802717 You should start over and use a good passphrase!
2018/07/11 15:09:49.984052 WARNING!! Key file not encrypted!!
2018/07/11 15:09:49.984649 Anyone who can read the key file can take everything!
2018/07/11 15:09:49.984709 You should start over and use a good passphrase!
2018/07/11 15:13:48.842933 WARNING!! Key file not encrypted!!
2018/07/11 15:13:48.843267 Anyone who can read the key file can take everything!
2018/07/11 15:13:48.843311 You should start over and use a good passphrase!
2018/07/11 15:15:40.589639 WARNING!! Key file not encrypted!!
2018/07/11 15:15:40.589999 Anyone who can read the key file can take everything!
2018/07/11 15:15:40.590034 You should start over and use a good passphrase!
2018/07/11 15:17:05.649162 WARNING!! Key file not encrypted!!
2018/07/11 15:17:05.649694 Anyone who can read the key file can take everything!
2018/07/11 15:17:05.649762 You should start over and use a good passphrase!
2018/07/11 15:27:49.253565 WARNING!! Key file not encrypted!!
2018/07/11 15:27:49.254025 Anyone who can read the key file can take everything!
2018/07/11 15:27:49.254091 You should start over and use a good passphrase!
2018/07/11 15:34:17.562361 WARNING!! Key file not encrypted!!
2018/07/11 15:34:17.562673 Anyone who can read the key file can take everything!
2018/07/11 15:34:17.562719 You should start over and use a good passphrase!
2018/07/11 15:36:39.481808 WARNING!! Key file not encrypted!!
2018/07/11 15:36:39.482577 Anyone who can read the key file can take everything!
2018/07/11 15:36:39.482650 You should start over and use a good passphrase!
2018/07/11 15:38:34.825588 WARNING!! Key file not encrypted!!
2018/07/11 15:38:34.826024 Anyone who can read the key file can take everything!
2018/07/11 15:38:34.826060 You should start over and use a good passphrase!
2018/07/11 16:32:28.604014 WARNING!! Key file not encrypted!!
2018/07/11 16:32:28.604473 Anyone who can read the key file can take everything!
2018/07/11 16:32:28.604524 You should start over and use a good passphrase!
2018/07/11 16:34:05.435796 WARNING!! Key file not encrypted!!
2018/07/11 16:34:05.436159 Anyone who can read the key file can take everything!
2018/07/11 16:34:05.436199 You should start over and use a good passphrase!
2018/07/11 16:35:06.659516 WARNING!! Key file not encrypted!!
2018/07/11 16:35:06.659992 Anyone who can read the key file can take everything!
2018/07/11 16:35:06.660183 You should start over and use a good passphrase!
2018/07/11 16:58:36.718019 WARNING!! Key file not encrypted!!
2018/07/11 16:58:36.718477 Anyone who can read the key file can take everything!
2018/07/11 16:58:36.718527 You should start over and use a good passphrase!
2018/07/11 17:06:04.801201 WARNING!! Key file not encrypted!!
2018/07/11 17:06:04.801604 Anyone who can read the key file can take everything!
2018/07/11 17:06:04.801645 You should start over and use a good passphrase!
2018/07/11 17:10:08.898445 WARNING!! Key file not encrypted!!
2018/07/11 17:10:08.899010 Anyone who can read the key file can take everything!
2018/07/11 17:10:08.899078 You should start over and use a good passphrase!
2018/07/11 17:46:14.901648 WARNING!! Key file not encrypted!!
2018/07/11 17:46:14.902213 Anyone who can read the key file can take everything!
2018/07/11 17:46:14.902310 You should start over and use a good passphrase!
2018/07/11 18:00:29.189232 WARNING!! Key file not encrypted!!
2018/07/11 18:00:29.189604 Anyone who can read the key file can take everything!
2018/07/11 18:00:29.189669 You should start over and use a good passphrase!
2018/07/11 18:02:41.061436 WARNING!! Key file not encrypted!!
2018/07/11 18:02:41.061965 Anyone who can read the key file can take everything!
2018/07/11 18:02:41.062144 You should start over and use a good passphrase!
2018/07/11 18:10:51.117008 WARNING!! Key file not encrypted!!
2018/07/11 18:10:51.117373 Anyone who can read the key file can take everything!
2018/07/11 18:10:51.117441 You should start over and use a good passphrase!
2018/07/11 18:18:09.158779 WARNING!! Key file not encrypted!!
2018/07/11 18:18:09.159189 Anyone who can read the key file can take everything!
2018/07/11 18:18:09.159255 You should start over and use a good passphrase!
2018/07/11 18:33:09.217777 WARNING!! Key file not encrypted!!
2018/07/11 18:33:09.218232 Anyone who can read the key file can take everything!
2018/07/11 18:33:09.218299 You should start over and use a good passphrase!
2018/07/11 18:33:44.118326 WARNING!! Key file not encrypted!!
2018/07/11 18:33:44.118622 Anyone who can read the key file can take everything!
2018/07/11 18:33:44.118663 You should start over and use a good passphrase!
2018/07/11 18:34:51.408501 WARNING!! Key file not encrypted!!
2018/07/11 18:34:51.409089 Anyone who can read the key file can take everything!
2018/07/11 18:34:51.409169 You should start over and use a good passphrase!
2018/07/11 18:50:03.050312 WARNING!! Key file not encrypted!!
2018/07/11 18:50:03.050677 Anyone who can read the key file can take everything!
2018/07/11 18:50:03.050735 You should start over and use a good passphrase!
2018/07/11 18:55:19.467849 WARNING!! Key file not encrypted!!
2018/07/11 18:55:19.468329 Anyone who can read the key file can take everything!
2018/07/11 18:55:19.468378 You should start over and use a good passphrase!
2018/07/11 18:58:33.223294 WARNING!! Key file not encrypted!!
2018/07/11 18:58:33.223562 Anyone who can read the key file can take everything!
2018/07/11 18:58:33.223602 You should start over and use a good passphrase!
2018/07/11 19:00:33.686059 WARNING!! Key file not encrypted!!
2018/07/11 19:00:33.686618 Anyone who can read the key file can take everything!
2018/07/11 19:00:33.686700 You should start over and use a good passphrase!
2018/07/11 19:00:36.918151 WARNING!! Key file not encrypted!!
2018/07/11 19:00:36.918320 Anyone who can read the key file can take everything!
2018/07/11 19:00:36.918363 You should start over and use a good passphrase!
2018/07/11 20:44:25.276556 WARNING!! Key file not encrypted!!
2018/07/11 20:44:25.277060 Anyone who can read the key file can take everything!
2018/07/11 20:44:25.277123 You should start over and use a good passphrase!
2018/07/11 20:44:30.025796 WARNING!! Key file not encrypted!!
2018/07/11 20:44:30.025943 Anyone who can read the key file can take everything!
2018/07/11 20:44:30.025990 You should start over and use a good passphrase!
2018/07/11 20:46:13.095407 WARNING!! Key file not encrypted!!
2018/07/11 20:46:13.095798 Anyone who can read the key file can take everything!
2018/07/11 20:46:13.095840 You should start over and use a good passphrase!
2018/07/11 20:48:12.799655 WARNING!! Key file not encrypted!!
2018/07/11 20:48:12.800390 Anyone who can read the key file can take everything!
2018/07/11 20:48:12.800480 You should start over and use a good passphrase!
2018/07/11 20:49:55.237540 WARNING!! Key file not encrypted!!
2018/07/11 20:49:55.237985 Anyone who can read the key file can take everything!
2018/07/11 20:49:55.238041 You should start over and use a good passphrase!
2018/07/11 20:51:52.958578 WARNING!! Key file not encrypted!!
2018/07/11 20:51:52.958904 Anyone who can read the key file can take everything!
2018/07/11 20:51:52.958966 You should start over and use a good passphrase!
2018/07/11 20:58:18.270744 WARNING!! Key file not encrypted!!
2018/07/11 20:58:18.271107 Anyone who can read the key file can take everything!
2018/07/11 20:58:18.271148 You should start over and use a good passphrase!
2018/07/11 21:00:43.426987 WARNING!! Key file not encrypted!!
2018/07/11 21:00:43.427343 Anyone who can read the key file can take everything!
2018/07/11 21:00:43.427385 You should start over and use a good passphrase!
2018/07/11 21:02:46.035199 WARNING!! Key file not encrypted!!
2018/07/11 21:02:46.035639 Anyone who can read the key file can take everything!
2018/07/11 21:02:46.035727 You should start over and use a good passphrase!
2018/07/11 21:08:19.628748 WARNING!! Key file not encrypted!!
2018/07/11 21:08:19.629205 Anyone who can read the key file can take everything!
2018/07/11 21:08:19.629267 You should start over and use a good passphrase!
2018/07/11 21:11:32.544132 WARNING!! Key file not encrypted!!
2018/07/11 21:11:32.544596 Anyone who can read the key file can take everything!
2018/07/11 21:11:32.544646 You should start over and use a good passphrase!
2018/07/11 21:13:09.728207 WARNING!! Key file not encrypted!!
2018/07/11 21:13:09.728593 Anyone who can read the key file can take everything!
2018/07/11 21:13:09.728644 You should start over and use a good passphrase!
2018/07/11 21:15:43.392789 WARNING!! Key file not encrypted!!
2018/07/11 21:15:43.393848 Anyone who can read the key file can take everything!
2018/07/11 21:15:43.393925 You should start over and use a good passphrase!
